<?xml version="1.0" encoding="UTF-8"?>
<testsuite xmlns:xsi="http://www.w3.org/2001/XMLSchema-instance" xsi:noNamespaceSchemaLocation="https://maven.apache.org/surefire/maven-surefire-plugin/xsd/surefire-test-report.xsd" name="com.tomcatdeploy.AppTest" time="0.051" tests="1" errors="0" skipped="0" failures="0">
  <properties>
    <property name="java.specification.version" value="17"/>
    <property name="sun.cpu.isalist" value="amd64"/>
    <property name="sun.jnu.encoding" value="Cp1252"/>
    <property name="java.class.path" value="C:\Users\smusuvathi\JavaProjects\demo\target\test-classes;C:\Users\smusuvathi\JavaProjects\demo\target\classes;C:\Users\smusuvathi\.m2\repository\junit\junit\4.11\junit-4.11.jar;C:\Users\smusuvathi\.m2\repository\org\hamcrest\hamcrest-core\1.3\hamcrest-core-1.3.jar;"/>
    <property name="java.vm.vendor" value="Oracle Corporation"/>
    <property name="sun.arch.data.model" value="64"/>
    <property name="user.variant" value=""/>
    <property name="java.vendor.url" value="https://java.oracle.com/"/>
    <property name="user.timezone" value="Asia/Calcutta"/>
    <property name="os.name" value="Windows 10"/>
    <property name="java.vm.specification.version" value="17"/>
    <property name="sun.java.launcher" value="SUN_STANDARD"/>
    <property name="user.country" value="US"/>
    <property name="sun.boot.library.path" value="C:\Program Files\Java\jdk-17.0.2\bin"/>
    <property name="sun.java.command" value="C:\Users\SMUSUV~1\AppData\Local\Temp\surefire2373850212185918265\surefirebooter15740159373600531046.jar C:\Users\smusuvathi\AppData\Local\Temp\surefire2373850212185918265 2022-04-18T13-35-15_323-jvmRun1 surefire2599836197961491065tmp surefire_06418757622769734815tmp"/>
    <property name="jdk.debug" value="release"/>
    <property name="surefire.test.class.path" value="C:\Users\smusuvathi\JavaProjects\demo\target\test-classes;C:\Users\smusuvathi\JavaProjects\demo\target\classes;C:\Users\smusuvathi\.m2\repository\junit\junit\4.11\junit-4.11.jar;C:\Users\smusuvathi\.m2\repository\org\hamcrest\hamcrest-core\1.3\hamcrest-core-1.3.jar;"/>
    <property name="sun.cpu.endian" value="little"/>
    <property name="user.home" value="C:\Users\smusuvathi"/>
    <property name="user.language" value="en"/>
    <property name="java.specification.vendor" value="Oracle Corporation"/>
    <property name="java.version.date" value="2022-01-18"/>
    <property name="java.home" value="C:\Program Files\Java\jdk-17.0.2"/>
    <property name="file.separator" value="\"/>
    <property name="basedir" value="C:\Users\smusuvathi\JavaProjects\demo"/>
    <property name="java.vm.compressedOopsMode" value="Zero based"/>
    <property name="line.separator" value="&#10;"/>
    <property name="java.vm.specification.vendor" value="Oracle Corporation"/>
    <property name="java.specification.name" value="Java Platform API Specification"/>
    <property name="surefire.real.class.path" value="C:\Users\SMUSUV~1\AppData\Local\Temp\surefire2373850212185918265\surefirebooter15740159373600531046.jar"/>
    <property name="user.script" value=""/>
    <property name="sun.management.compiler" value="HotSpot 64-Bit Tiered Compilers"/>
    <property name="java.runtime.version" value="17.0.2+8-LTS-86"/>
    <property name="user.name" value="smusuvathi"/>
    <property name="path.separator" value=";"/>
    <property name="os.version" value="10.0"/>
    <property name="java.runtime.name" value="Java(TM) SE Runtime Environment"/>
    <property name="file.encoding" value="Cp1252"/>
    <property name="java.vm.name" value="Java HotSpot(TM) 64-Bit Server VM"/>
    <property name="localRepository" value="C:\Users\smusuvathi\.m2\repository"/>
    <property name="java.vendor.url.bug" value="https://bugreport.java.com/bugreport/"/>
    <property name="java.io.tmpdir" value="C:\Users\SMUSUV~1\AppData\Local\Temp\"/>
    <property name="java.version" value="17.0.2"/>
    <property name="user.dir" value="C:\Users\smusuvathi\JavaProjects\demo"/>
    <property name="os.arch" value="amd64"/>
    <property name="java.vm.specification.name" value="Java Virtual Machine Specification"/>
    <property name="sun.os.patch.level" value=""/>
    <property name="native.encoding" value="Cp1252"/>
    <property name="java.library.path" value="C:\Program Files\Java\jdk-17.0.2\bin;C:\Windows\Sun\Java\bin;C:\Windows\system32;C:\Windows;C:\Program Files\Common Files\Oracle\Java\javapath;C:\Program Files (x86)\Common Files\Oracle\Java\javapath;C:\Windows\system32;C:\Windows;C:\Windows\System32\Wbem;C:\Windows\System32\WindowsPowerShell\v1.0\;C:\Windows\System32\OpenSSH\;C:\Users\smusuvathi\OneDrive - Infoblox Inc\Documents\ChromeDriver\chromedriver.exe;C:\Program Files\Java\jdk-17.0.2\bin;C:\Program Files\Git\cmd;C:\Users\smusuvathi\SonarQubetest\sonar-scanner-4.7.0.2747-windows\bin;C:\Program Files\Git\bin;C:\Program Files\Git\usr\bin;C:\Program Files\apache-maven-3.8.5\bin;C:\Users\smusuvathi\OneDrive - Infoblox Inc\Documents\ChromeDriver\chromedriver.exe;C:\Users\smusuvathi\AppData\Local\Microsoft\WindowsApps;C:\Users\smusuvathi\AppData\Local\GitHubDesktop\bin;C:\Users\smusuvathi\AppData\Local\Programs\Microsoft VS Code\bin;C:\Users\smusuvathi\SonarQubetest\sonar-scanner-4.7.0.2747-windows\bin;C:\Users\smusuvathi\SonarQubetest\sonarqube-9.3.0.51899\sonarqube-9.3.0.51899\bin\windows-x86-64;C:\Program Files\Java\jdk-17.0.2\bin;;."/>
    <property name="java.vm.info" value="mixed mode, sharing"/>
    <property name="java.vendor" value="Oracle Corporation"/>
    <property name="java.vm.version" value="17.0.2+8-LTS-86"/>
    <property name="sun.io.unicode.encoding" value="UnicodeLittle"/>
    <property name="java.class.version" value="61.0"/>
  </properties>
  <testcase name="shouldAnswerWithTrue" classname="com.tomcatdeploy.AppTest" time="0.002"/>
</testsuite>